Payroll job started. Check payroll.log for details.
Payroll not generated for 2025-10. Generating now...
dfjvbfjkdcbfdv
✅ Payroll saved for empId=2

================== PAYSLIP ==================
Employee ID    : 2
Name           : Sarah Johnson
Department ID  : 2
Pay Date       : 2025-10-14
---------------------------------------------
Annual CTC           :  62,000.00
---------------------------------------------
Basic Salary (Monthly) :   5,166.67
HRA (20%)            :   1,033.33
DA (10%)             :     516.67
Deductions (5%)      :     258.33
---------------------------------------------
Net Salary (Monthly) :   6,458.33
=============================================

✅ Payroll generated successfully!
dfjvbfjkdcbfdv
✅ Payroll saved for empId=4

================== PAYSLIP ==================
Employee ID    : 4
Name           : Emily Davis
Department ID  : 3
Pay Date       : 2025-10-14
---------------------------------------------
Annual CTC           :  72,000.00
---------------------------------------------
Basic Salary (Monthly) :   6,000.00
HRA (20%)            :   1,200.00
DA (10%)             :     600.00
Deductions (5%)      :     300.00
---------------------------------------------
Net Salary (Monthly) :   7,500.00
=============================================

✅ Payroll generated successfully!
dfjvbfjkdcbfdv
✅ Payroll saved for empId=6

================== PAYSLIP ==================
Employee ID    : 6
Name           : Jessica Martinez
Department ID  : 1
Pay Date       : 2025-10-14
---------------------------------------------
Annual CTC           :  51,000.00
---------------------------------------------
Basic Salary (Monthly) :   4,250.00
HRA (20%)            :     850.00
DA (10%)             :     425.00
Deductions (5%)      :     212.50
---------------------------------------------
Net Salary (Monthly) :   5,312.50
=============================================

✅ Payroll generated successfully!
dfjvbfjkdcbfdv
✅ Payroll saved for empId=8

================== PAYSLIP ==================
Employee ID    : 8
Name           : Linda Anderson
Department ID  : 4
Pay Date       : 2025-10-14
---------------------------------------------
Annual CTC           :  61,000.00
---------------------------------------------
Basic Salary (Monthly) :   5,083.33
HRA (20%)            :   1,016.67
DA (10%)             :     508.33
Deductions (5%)      :     254.17
---------------------------------------------
Net Salary (Monthly) :   6,354.17
=============================================

✅ Payroll generated successfully!
✅ Payroll generated for all employees (queue-based).
Payroll generation completed for 2025-10.
========== Payroll Job Started: 2025-10-14 ==========
Payroll not generated for 2025-10. Generating now...
Payroll generation completed for 2025-10.
========== Payroll Job Ended ==========

